pdfui/build/intermediates/manifest_merge_blame_file/debug/manifest-merger-blame-debug-report.txt
1<?xml version="1.0" encoding="utf-8"?>
2<manifest xmlns:android="http://schemas.android.com/apk/res/android"
3    package="com.xhh.pdfui"
4    android:versionCode="1"
5    android:versionName="1.0" >
6
7    <uses-sdk
8        android:minSdkVersion="19"
8-->src\main\AndroidManifest.xml
9        android:targetSdkVersion="30" />
9-->src\main\AndroidManifest.xml
10
11    <application>
11-->src\main\AndroidManifest.xml:5:5-9:19
12        <activity android:name="com.xhh.pdfui.PDFPreviewActivity" />
12-->src\main\AndroidManifest.xml:6:9-65
12-->src\main\AndroidManifest.xml:6:19-53
13        <activity android:name="com.xhh.pdfui.PDFCatelogueActivity" />
13-->src\main\AndroidManifest.xml:7:9-58
13-->src\main\AndroidManifest.xml:7:19-55
14        <activity android:name="com.xhh.pdfui.PDFActivity" />
14-->src\main\AndroidManifest.xml:8:9-49
14-->src\main\AndroidManifest.xml:8:19-46
15    </application>
16
17</manifest>